##### BEGIN compare2.sh AT Tue Jun 26 13:38:36 KST 2018 #####

Modules based on Lua: Version 7.4.8  2017-04-21 21:22 -05:00
    by Robert McLay mclay@tacc.utexas.edu

module [options] sub-command [args ...]

Help sub-commands:
------------------
  help                              prints this message
  help                module [...]  print help message from module(s)

Loading/Unloading sub-commands:
-------------------------------
  load | add          module [...]  load module(s)
  try-load | try-add  module [...]  Add module(s), do not complain if not
                                    found
  del | unload        module [...]  Remove module(s), do not complain if not
                                    found
  swap | sw | switch  m1 m2         unload m1 and load m2
  purge                             unload all modules
  refresh                           reload aliases from current list of
                                    modules.
  update                            reload all currently loaded modules.

Listing / Searching sub-commands:
---------------------------------
  list                              List loaded modules
  list                s1 s2 ...     List loaded modules that match the
                                    pattern
  avail | av                        List available modules
  avail | av          string        List available modules that contain
                                    "string".
  spider                            List all possible modules
  spider              module        List all possible version of that module
                                    file
  spider              string        List all module that contain the
                                    "string".
  spider              name/version  Detailed information about that version
                                    of the module.
  whatis              module        Print whatis information about module
  keyword | key       string        Search all name and whatis that contain
                                    "string".

Searching with Lmod:
--------------------
  All searching (spider, list, avail, keyword) support regular expressions:
  

  spider -r           '^p'          Finds all the modules that start with
                                    `p' or `P'
  spider -r           mpi           Finds all modules that have "mpi" in
                                    their name.
  spider -r           'mpi$         Finds all modules that end with "mpi" in
                                    their name.

Handling a collection of modules:
--------------------------------
  save | s                          Save the current list of modules to a
                                    user defined "default" collection.
  save | s            name          Save the current list of modules to
                                    "name" collection.
  reset                             The same as "restore system"
  restore | r                       Restore modules from the user's
                                    "default" or system default.
  restore | r         name          Restore modules from "name" collection.
  restore             system        Restore module state to system defaults.
  savelist                          List of saved collections.
  describe | mcc      name          Describe the contents of a module
                                    collection.

Deprecated commands:
--------------------
  getdefault          [name]        load name collection of modules or
                                    user's "default" if no name given.
                                    ===> Use "restore" instead <====
  setdefault          [name]        Save current list of modules to name if
                                    given, otherwise save as the default
                                    list for you the user.
                                    ===> Use "save" instead. <====

Miscellaneous sub-commands:
---------------------------
  show                modulefile    show the commands in the module file.
  use [-a]            path          Prepend or Append path to MODULEPATH.
  unuse               path          remove path from MODULEPATH.
  tablelist                         output list of active modules as a lua
                                    table.

Important Environment Variables:
--------------------------------
  LMOD_COLORIZE                     If defined to be "YES" then Lmod prints
                                    properties and warning in color.

    --------------------------------------------------------------------------

Lmod Web Sites

  Documentation:    http://lmod.readthedocs.org
  Github:           https://github.com/TACC/Lmod
  Sourceforge:      https://lmod.sf.net
  TACC Homepage:    https://www.tacc.utexas.edu/research-development/tacc-projects/lmod

  To report a bug please read http://lmod.readthedocs.io/en/latest/075_bug_reporting.html
    --------------------------------------------------------------------------


/home/suji93/DLKoASR-develop-3/Listen-Attend-and-Spell-Pytorch/model/las_model2.py:35: UserWarning: RNN module weights are not part of single contiguous chunk of memory. This means they need to be compacted at every call, possibly greately increasing memory usage. To compact weights again call flatten_parameters().
  output,hidden = self.BLSTM(input_x)
/home/suji93/DLKoASR-develop-3/Listen-Attend-and-Spell-Pytorch/model/las_model2.py:80: UserWarning: RNN module weights are not part of single contiguous chunk of memory. This means they need to be compacted at every call, possibly greately increasing memory usage. To compact weights again call flatten_parameters().
  rnn_output, hidden_state = self.rnn_layer(input_word,last_hidden_state)
Loading cached data.
original 양금업
decode 양금업
original 급보
decode 급보
original 장유
decode 장유
original 신체적
decode 신체적
original 단화
decode 단화
original 털컹이다
decode 털컹이다
original 허공중
decode 헝공중
original 절충하다
decode 절충하다
original 매일
decode 매일
original 초제하다
decode 초재하다
original 떨렁이다
decode 떨렁이다
original 허약
decode 허약
original 공유
decode 공유
original 미혼자
decode 미혼자
original 거세하다
decode 거세하다
original 절거덩대다
decode 절거덩대다
original 아호하다
decode 아호하다
original 재인식
decode 재인식
original 역진하다
decode 역진하다
original 실파
decode 실파
original 경대
decode 경대
original 군화
decode 군화
original 탐렴
decode 탐념
original 짝짝
decode 짝짝
original 공생
decode 공생
original 쇠똥
decode 쇅동
original 얄망궂다
decode 얄망붙다
original 애호가
decode 애오가
original 막벌
decode 막벌
original 재확인되다
decode 재확입되다
original 대칙
decode 대칙
original 영치
decode 영치
original 녹말풀
decode 농말풀
original 내첩
decode 느첩
original 고리타분하다
decode 고리타분하다
original 굼실굼실
decode 궁실궁실
original 질근거리다
decode 질금거리다
original 오해
decode 오해
original 제도화하다
decode 제동화하다
original 흙벽
decode 헉벽
original 촌티
decode 초티
original 민족주의자
decode 민족죽의자
original 상식화되다
decode 상식화되다
original 저잣거리
decode 저작거리
original 휘적거리다
decode 휘적거리다
original 공동화
decode 공동화
original 매판성
decode 메판성
original 막걸리다
decode 막걸리다
original 탱지
decode 탱지
original 상부
decode 상부
original 통장수
decode 통장수
original 좌절
decode 좌절
original 애매모호
decode 애매무후
original 감소
decode 감소
original 독특
decode 독특
original 이웃
decode 이웁
original 층층
decode 층층
original 모피하다
decode 목피하다
original 살포시
decode 살코시
original 남용
decode 남융
original 매예하다
decode 매예하다
original 지표면
decode 집표면
original 우애
decode 우애
original 적벌하다
decode 적벌하다
original 탈적
decode 탈적
original 실심하다
decode 실심하다
original 빈민층
decode 빈민층
original 나약하다
decode 나약하다
original 취하하다
decode 취하하다
original 난방
decode 난방
original 강굽이
decode 강구비
original 저견하다
decode 적연하다
original 속달대다
decode 속댈대다
original 용납
decode 용납
original 남남히
decode 남남히
original 엄지발가락
decode 엄지알가락
original 잠꼬대하다
decode 잠고대하다
original 열기구
decode 열기구
original 양서
decode 양서
original 올해
decode 오해
original 남행하다
decode 남행하다
original 공갈하다
decode 공갈하다
original 추론
decode 출원
original 세사하다
decode 세사하다
original 접어들다
decode 접오들다
original 명패하다
decode 명패하다
original 안다미씌우다
decode 안다미씨우다
original 무용단
decode 무용단
original 질퍽질퍽하다
decode 질퍽질퍽하다
original 쌀부대
decode 쌀부대
original 대약진
decode 대약진
original 감정가
decode 감정가
original 가계비
decode 가계비
original 제출하다
decode 제출하다
original 신승
decode 신승
original 행정과
decode 행정과
original 줄거리
decode 출거리
original 미세하다
decode 미세하다
original 쌜룩거리다
decode 쌜룩거리다
original 정치하다
decode 정치하다
original 정삭
decode 정삭
original 분홍
decode 분홍
original 이성
decode 이성
original 야옹이
decode 야옹이
original 늑삭
decode 늑삭
original 화장하다
decode 화장하다
original 함유율
decode 한유율
original 불로장생하다
decode 불로장생하다
original 아무렴
decode 아무렴
original 더더군다나
decode 버어군다나
original 빵빵대다
decode 빵방대다
original 유상
decode 유상
original 씨받다
decode 씨밭다
original 태타하다
decode 태타하다
original 비금속성
decode 비금숙성
original 후술
decode 후술
original 날름
decode 날음
original 대로하다
decode 대루하다
original 개울
decode 개울
original 다면화
decode 다면화
original 마
decode 마
original 병구완하다
decode 병구완하다
original 패권
decode 팰권
original 논담하다
decode 논단하다
original 심층부
decode 심층부
original 임무
decode 입목
original 휘적이다
decode 휘적이다
original 번호순
decode 번호순
original 집적집적
decode 집적집적
original 통신관
decode 통신관
original 안연자약하다
decode 안얀자약하다
original 움츠러들다
decode 움츠러들다
original 추저분하다
decode 추접온하다
original 봉분하다
decode 봉분하다
original 정인
decode 정인
original 자숙
decode 자숙
original 애인하다
decode 애인하다
original 미로
decode 미로
original 체통
decode 채통
original 잔병치레하다
decode 잔걍치레하다
original 얄개
decode 얄개
original 맹수
decode 맹수
original 유식하다
decode 유식하다
original 미나리꽝
decode 미나이광
original 탐욕스럽다
decode 탄역스럽다
original 서지학
decode 서지학
original 토기공
decode 토기공
original 만반하다
decode 만반하다
original 찰박이다
decode 찰박이다
original 신부복
decode 신구복
original 초년고생
decode 초연고생
original 서면
decode 서년
original 의
decode 의
original 삭히다
decode 삭히다
original 생기하다
decode 생기하다
original 합리화하다
decode 합리화하다
original 괄목상대
decode 괄몽상대
original 퇴괴
decode 퇴회
original 애받이
decode 애바이
original 절구질
decode 절구질
original 신년사
decode 신년사
original 선교하다
decode 선교하다
original 해제되다
decode 해재되다
original 무경험하다
decode 무겸홤하다
original 누고
decode 누고
original 짐짝
decode 짐짝
original 신기루
decode 심기룩
original 무기물
decode 무기물
original 증여하다
decode 증여하다
original 즉
decode 측
original 비뚤비뚤
decode 비뚤비둘
original 제액
decode 제액
original 절제
decode 철제
original 소유지
decode 소유지
original 북어포
decode 북업포
original 족집게
decode 좁집길
original 감상주의
decode 감상주의
original 탕정
decode 탕정
original 정부
decode 정구
original 앙상스레
decode 앙상스레
original 경비하다
decode 경기하다
original 걸맞다
decode 걸맞다
original 똥똥
decode 똥똥
original 성노하다
decode 성로하다
original 절컹거리다
decode 절캉거리다
original 부듯하다
decode 부듯하다
original 색사
decode 색사
original 농구하다
decode 농구하다
original 나긋이
decode 나긋이
original 우러르다
decode 울어르다
original 수혜
decode 수혜
original 씨부렁거리다
decode 씨그러거리다
original 몰매
decode 몰매
original 면전
decode 면전
original 사용량
decode 사용량
original 열따랗다
decode 열따랗다
original 예속화하다
decode 예속화하다
original 작은아이
decode 자그나이
original 가죽끈
decode 가죽근
original 매국
decode 매국
original 정정
decode 정정
original 안치다
decode 안치다
original 사료
decode 산유
original 까닥까닥
decode 까닥까닥
original 신유
decode 신유
original 조업
decode 조억
original 비속
decode 비속
original 체비지
decode 체비지
original 수그리다
decode 수그리다
original 대축제
decode 대축제
original 납작이
decode 납자이
original 면수
decode 면수
original 설교
decode 설교
original 성급하다
decode 성급하다
original 대훈
decode 대훈
original 탁효
decode 타툐
original 안벽
decode 안벽
original 혁명군
decode 형량군
original 귀임
decode 귀임
original 기념식
decode 기낭식
original 탈퇴
decode 팔퇴
original 지국
decode 지굽
original 천명
decode 천명
original 놀음쟁이
decode 노름쟁이
original 안공대
decode 안공대
original 깔딱깔딱
decode 깔딱깔딲
original 순진
decode 순진
original 열원
decode 열원
original 급류
decode 극류
original 독모
decode 독모
original 연촉
decode 연촉
original 북적대다
decode 북적대다
original 혹서
decode 혹서
original 차단
decode 사단
original 신경전
decode 신경전
original 대상자
decode 대상자
original 잡아내다
decode 잡아내다
original 앙감질
decode 앙감질
original 사제
decode 걱사제
original 해제
decode 해재
original 제벌
decode 제볼
original 간지럽다
decode 간지업다
original 분쇄
decode 분쇄
original 김새다
decode 김새다
original 착실히
decode 찰칠히
original 항의서
decode 강의서
original 총계
decode 총계
original 비치하다
decode 비치하다
original 불가분적
decode 불가붐적
original 공지하다
decode 공지하다
original 정린
decode 적린
original 장편
decode 장편
original 다과
decode 다과
original 관인하다
decode 관인하다
original 막사
decode 막사
original 산만성
decode 산만성
original 깔때기
decode 빠떼기
original 호랑이
decode 호랑이
original 체하다
decode 쟁하다
original 건포도
decode 건포도
original 열기되다
decode 열기되다
original 싸잡히다
decode 싸잡히다
original 다릿골독
decode 다리꼴독
original 뼈저리다
decode 뼈저이다
original 쑥대강이
decode 쑥대강이
original 고취
decode 고취
original 금식
decode 금식
original 얼보다
decode 얼보다
original 투정
decode 투정
original 지내
decode 지내
original 근본책
decode 근번체
original 힘자랑하다
decode 흼자랑하다
original 단잔
decode 단잔
original 격리하다
decode 격리하다
original 유혹
decode 유오
original 상관성
decode 상관성
original 침잠하다
decode 침잠하다
original 능활히
decode 능활히
original 전일
decode 전일
original 무김치
decode 무김치
original 하나하나
decode 한아아
original 인사이동
decode 인사이동
original 사직원
decode 사집원
original 합의하다
decode 합이하다
original 가을비
decode 가을비
original 난계
decode 난개
original 썰컹썰컹
decode 썰컹썰컹
original 점잖이
decode 점장이
original 풋과일
decode 풋과일
original 살갗
decode 삿같
original 자연히
decode 자영이
original 순찰차
decode 순차차
original 맏조카
decode 맛쭉하
original 그렇지
decode 그렇치
original 종착하다
decode 종착하다
original 겸유하다
decode 경유하다
original 진영
decode 치명
original 교계
decode 교계
original 역탐지하다
decode 역탐지하다
original 초자연
decode 초자연
original 저속성
decode 저속성
original 매장되다
decode 매장되다
original 엄위하다
decode 어미하다
original 채찍
decode 채직
original 밥숟갈
decode 밥숫갈
original 부르짖다
decode 부릿짓다
original 쯧쯧
decode 즉즙
original 정방
decode 정방
original 생글
decode 생글
original 특근
decode 특끈
original 돌발
decode 돌발
original 먼먼
decode 먼뭔
original 전생
decode 전생
original 훼비
decode 회비
original 안갑
decode 안각
original 전구
decode 건구
original 말발굽
decode 말발꿋
original 교인
decode 교인
original 불룩불룩하다
decode 불룩불룩하다
original 억지력
decode 억지역
original 일치단결
decode 일치간결
original 사랑채
decode 사랭채
original 다리맥
decode 다리맥
original 절현하다
decode 절현하다
original 나이대접
decode 나리대적
original 악수
decode 악수
original 증상
decode 증상
original 미비
decode 미비
original 무시
decode 무시
original 누구누구
decode 누구누구
original 정임
decode 정임
original 상책
decode 상책
original 오발
decode 오발
original 어머머
decode 엄멈머
original 장원하다
decode 장원하다
original 당학
decode 당학
original 정서되다
decode 정서되다
original 채
decode 체
original 보증하다
decode 보증하다
original 달그랑하다
decode 달그랑하다
original 놋화로
decode 노타로
original 통뼈
decode 통벼
original 적자색
decode 적자색
original 난하다
decode 난아다
original 낙살되다
decode 낙살되다
original 가리다
decode 가리다
original 개교일
decode 개교일
original 인고하다
decode 인고하다
original 후유
decode 후우
original 찰박
decode 찰박
original 타승
decode 타승
original 식비
decode 식비
original 몰려들다
decode 몰려들다
original 착용
decode 차용
original 쉬
decode 쉬
original 지분지분
decode 지분지분
original 마필
decode 마필
original 분류되다
decode 불류되다
original 비눗갑
decode 비눅합
original 미령하다
decode 미령하다
original 빛나다
decode 빈나다
original 논진하다
decode 논진하다
original 어세
decode 어세
original 왈가왈부하다
decode 왈가월푸하다
original 걸작
decode 걸짜
original 쥐다
decode 쥐다
original 다분하다
decode 다분하다
original 쌍생아법
decode 쌍쇙아법
original 적재
decode 적제
original 숯불갈비
decode 쑻불날이
original 전긍하다
decode 전긍하다
original 정직히
decode 정직히
original 재인식하다
decode 재일식하다
original 죄과
decode 죄과
original 전심전력하다
decode 전신절력하다
original 양학
decode 양학
original 청강하다
decode 청강하다
original 곤란
decode 골란
original 재배법
decode 재배법
original 막상
decode 막상
original 아래윗벌
decode 아래윗벌
original 송신인
decode 송시인
original 열광하다
decode 열멍하다
original 석출하다
decode 석출하다
original 단일화되다
decode 단일화되다
original 성화
decode 성화
original 열쌔다
decode 열쌔다
original 현수막
decode 현수막
original 농양
decode 농양
original 색지
decode 색지
original 만경창파
decode 만경창다
original 전승하다
decode 전승하다
original 나포하다
decode 납포하다
original 나뭇조각
decode 나무쪼각
original 승리하다
decode 승리하다
original 합숙소
decode 합숙소
original 분개하다
decode 분개하다
original 승산
decode 승산
original 다듬작대다
decode 다듬작대다
original 당약하다
decode 당약하다
original 그리워하다
decode 그유화하다
original 혼성
decode 혼성
original 완결하다
decode 완결하다
original 쫀득거리다
decode 전득거리다
original 야연하다
decode 야연하다
original 잘나가다
decode 잘라가다
original 변태적
decode 변패적
original 약효
decode 약효
original 자갈돌
decode 자갓돌
original 무응답
decode 무궁각
original 정강
decode 정강
original 탄면
decode 탄면
original 펄럭거리다
decode 펄럭거리다
original 휴무
decode 휴무
original 어그러뜨리다
decode 어글뜨리다
original 들썩들썩
decode 드썩댈썩
original 멍텅구리
decode 멍텅구리
original 독성
decode 독성
original 대차다
decode 대차다
original 만리성
decode 만리상
original 백숙하다
decode 백숙하다
original 갈지자
decode 갈지자
original 만복
decode 만복
original 내담
decode 내담
original 어조
decode 어주
original 앙탄하다
decode 앙탄하다
original 전문성
decode 전문성
original 조부모
decode 조부모
original 콧대
decode 곳대
original 승패
decode 승패
original 도합
decode 도학
original 전락하다
decode 전악하다
original 생강엿
decode 생강엿
original 부풀리다
decode 부풀기다
original 싹수없다
decode 싹소럽다
original 권자
decode 권자
original 천만
decode 천만
original 쌀미음
decode 쌀미음
original 통방
decode 통방
original 서양목
decode 서약먹
original 참맛
decode 창막
original 눈물범벅
decode 눈물범벅
original 숙변
decode 숙견
original 조거
decode 조거
original 야들하다
decode 야들하다
original 까딱
decode 까딱
original 들고일어나다
decode 들고이련하다
original 미발표되다
decode 미발표되다
original 연달
decode 연달
original 봉급생활자
decode 봉급생활자
original 동면하다
decode 동명하다
original 마른행주질
decode 마름훙주질
original 사보
decode 사보
original 건재하다
decode 건재하다
original 방직
decode 방직
original 전패
decode 전패
original 무르춤하다
decode 무르춤하다
original 넙죽대다
decode 업죽대다
original 병합
decode 병압
original 현인
decode 현인
original 만능잡이
decode 만능자이
original 쪼르륵거리다
decode 쪼드둑거리다
original 본론
decode 볼런
original 불다
decode 불다
original 추상성
decode 추상성
original 잔인성
decode 잔인성
original 새우등
decode 새우등
original 성음
decode 성음
original 덜컹이다
decode 덜컹이다
original 정면
decode 정면
original 퉁명스럽다
decode 투명스럽다
original 성심
decode 성심
original 얼쩡얼쩡
decode 얼쩡얼쩡
original 다양화되다
decode 다양화되다
original 중생
decode 중생
original 까불거리다
decode 까불거리다
original 문구
decode 문구
original 전도하다
decode 전도하다
original 신례
decode 신례
original 불신임하다
decode 불심임하다
original 학회
decode 하쾨
original 말재주
decode 말재주
original 안동포
decode 안동포
original 멸문하다
decode 멸문하다
original 에부수수하다
decode 애부수수하다
original 희화하다
decode 희화하다
original 가없다
decode 가업다
original 강하다
decode 강하다
original 비례하다
decode 비래하다
original 출타
decode 출다
original 서신
decode 서신
original 한달음
decode 한다름
original 무적
decode 무적
original 평행적
decode 평행적
original 타살되다
decode 타살되다
original 유예하다
decode 유례하다
original 오십보백보
decode 오식보대보
original 직통하다
decode 직통하다
original 재량
decode 재량
original 제생하다
decode 제생하다
original 도당
decode 도당
original 간척하다
decode 간척하다
original 안섶
decode 안썹
original 저밀도
decode 전일도
original 헤적이다
decode 해적이다
original 대춘하다
decode 대춘하다
original 심마니
decode 심밀이
original 물질문화
decode 물준후
original 공여
decode 공여
original 담론서
decode 담론서
original 잔잎
decode 잣입
original 접장
decode 접장
original 간부
decode 강부
original 꾸부리다
decode 꾸부리다
original 충혈
decode 충혈
original 탐나다
decode 팝나다
original 부재자
decode 부제자
original 염불식
decode 영굴식
original 가루약
decode 가로약
original 반죽음되다
decode 반주움되다
original 산책로
decode 산챙노
original 문득하다
decode 문득하다
original 졸음기
decode 조름기
original 소격
decode 소겹
original 뒷받침되다
decode 뒷받침되다
original 전번
decode 전번
original 대접
decode 대적
original 장지
decode 장시
original 관곡
decode 관곡
original 계속적
decode 계속적
original 쭈르륵
decode 주르르
original 시료
decode 시료
original 남북
decode 남북
original 잉부
decode 잉부
original 재주하다
decode 재죠하다
original 탱글탱글
decode 탱글탱글
original 조퇴
decode 조퇴
original 신차
decode 신차
original 요만하다
decode 요만하다
original 뿌드득뿌드득
decode 꾸드득두두득
original 극대화되다
decode 극대화되다
original 뺨
decode 얌
original 구산
decode 구산
original 겸용하다
decode 겨룡하다
original 물의
decode 무리
original 후
decode 후
original 논박되다
decode 논박되다
original 상연하다
decode 상연하다
original 대초
decode 대초
original 본심
decode 볼심
original 강바닥
decode 강바닥
original 금환하다
decode 금환하다
original 베실
decode 배실
original 전독하다
decode 전독하다
original 씨도둑
decode 씨도둑
original 가정부인
decode 가정부인
original 다박다박
decode 다박다박
original 산지식
decode 산지식
original 웅변대회
decode 웅변대회
original 쇄신
decode 쇄신
original 여론화하다
decode 여옴화하다
original 성녀
decode 성녀
original 쌀래쌀래하다
decode 쌀해쌀래하다
original 찌그러뜨리다
decode 찌그러뜨리다
original 약수
decode 약수
original 휘감기다
decode 휘감기다
original 마구리
decode 마고리
original 따라나서다
decode 따라나소다
original 균일가
decode 귤밀가
original 막급하다
decode 막급하다
original 경애
decode 경애
original 탁신하다
decode 탁신하다
original 되바라지다
decode 되바라지다
original 명차
decode 명차
original 간인
decode 간인
original 백군
decode 백꾼
original 저저
decode 처저
original 대훈하다
decode 대훈하다
original 어쭙잖다
decode 어쭝잖다
original 마른신
decode 마른신
original 대담히
decode 대담히
original 소논문
decode 손녹문
original 위선
decode 위선
original 먹음직하다
decode 머음직하다
original 엽관하다
decode 엽관하다
original 호의호식
decode 호의호시
original 밀리다
decode 밀리다
original 명망
decode 명망
original 전와되다
decode 전와되다
original 흐리터분하다
decode 흐리터분하다
original 곧이듣다
decode 고지듭다
original 한물
decode 한물
original 암팡눈
decode 암팡룬
original 고개
decode 고게
original 신성화
decode 신상화
original 탐구력
decode 탐구력
original 문맹
decode 뭇맹
original 독해하다
decode 도캐하다
original 자지러뜨리다
decode 자즈러뜨리다
original 칠거지악
decode 칠거지약
original 시시덕거리다
decode 시시덕거리다
original 대장
decode 대장
original 정경
decode 전경
original 고등
decode 고등
original 광명정대
decode 광명정대
original 연화각
decode 연화각
original 애면글면
decode 애면괸연
original 형씨
decode 형시
original 대패질
decode 개폐질
original 각부
decode 각부
original 장태
decode 정태
original 잠
decode 잠
original 까무퇴퇴하다
decode 까무퇴뀌하다
original 특산물
decode 특산물
original 초려삼고
decode 초례삼곡
original 목제
decode 목재
original 긴가민가
decode 김가민가
original 어두침침하다
decode 어둘침침하다
original 정변
decode 정변
original 압제력
decode 압제력
original 주택지
decode 주탁지
original 싱끗벙끗하다
decode 싱끗벙끗하다
original 아드득거리다
decode 아드득거리다
original 자빠지다
decode 잡바지다
original 대판
decode 대판
original 엄징하다
decode 엄쟁하다
original 절꺼덕하다
decode 절꺼덕하다
original 생채
decode 생채
original 주저주저하다
decode 주저주절하다
original 관찬
decode 관찬
original 여련
decode 연연
original 합명
decode 흡령
original 심사
decode 신사
original 기다
decode 기다
original 호졸근하다
decode 호저근하다
original 장거리
decode 장거리
original 시큰시큰
decode 시그시큰
original 장기적
decode 장기적
original 푼푼이
decode 푼푼이
original 공양사
decode 공양사
original 내걸다
decode 내걸다
original 난형
decode 난형
original 없이하다
decode 업시하다
original 번뇌
decode 번네
original 다홍빛
decode 다웅빛
original 어로법
decode 어롭법
original 씁쓸하다
decode 씁쓸하다
original 잔멸하다
decode 잔멸하다
original 망행
decode 망행
original 막거르다
decode 막거르다
original 칠판
decode 칠판
original 실천적
decode 실천적
original 감탄고토
decode 감탄고토
original 안면방해하다
decode 안맹방해하다
original 다단계
decode 바단계
original 실개천
decode 실개천
original 농란하다
decode 농란하다
original 태업
decode 태업
original 정역
decode 정력
original 향미
decode 향미
original 시비조
decode 시빕조
original 줄자
decode 출자
original 대가
decode 대가
original 야심적
decode 야심적
original 중계하다
decode 중계하다
original 생산직
decode 생산직
original 좌측
decode 좌추
original 통어하다
decode 통어하다
original 방해물
decode 방니물
original 내허
decode 내허
original 착취
decode 착취
original 망달하다
decode 망달하다
original 처조카
decode 처속하
original 양화기
decode 양화기
original 상품화하다
decode 상픔화하다
original 떡방아
decode 떡방아
original 명정하다
decode 명정하다
original 공정
decode 공정
original 광천수
decode 광천수
original 일절
decode 일절
original 기상천외
decode 기상청울
original 종알대다
decode 종알대다
original 접선
decode 접선
original 대충
decode 대춤
original 널리다
decode 널리다
original 사용자
decode 사용자
original 걸립하다
decode 걸립하다
original 조소하다
decode 조소하다
original 학년생
decode 한녀생
original 현시점
decode 현시점
original 비리비리하다
decode 비비이하다
original 망기하다
decode 망기하다
original 찬합
decode 찬합
original 자적하다
decode 자접하다
original 철선
decode 철선
original 순응하다
decode 순능하다
original 수권
decode 수권
original 아슬아슬
decode 아슬아슬
original 정부당
decode 정부당
original 소도적
decode 소도적
original 관청
decode 관청
original 화요일
decode 허유일
original 쟁그랑하다
decode 쟁그랑하다
original 축가
decode 축가
original 재외자
decode 재외자
original 견과류
decode 견거류
original 잘잘
decode 잘잘
original 공갈
decode 공갈
original 늦바람
decode 늦가람
original 양보하다
decode 양보하다
original 죽어나다
decode 주건하다
original 미움
decode 미욤
original 환경
decode 환경
original 퇴거
decode 퇴거
original 이성
decode 이성
original 몽땅
decode 못담
original 노정
decode 노정
original 충
decode 충
original 재고하다
decode 재고하다
original 마름둥글이
decode 마름중불이
original 까마득히
decode 까마드이
original 기념엽서
decode 기녕녑서
original 재추대
decode 재추대
original 태생지
decode 태생지
original 전납
decode 전납
original 유곽
decode 유왈
original 한기
decode 한기
original 재분할되다
decode 재분할되다
original 남루하다
decode 남루하다
original 밉살스럽다
decode 밋살스럽다
original 국수주의적
decode 구수주의적
original 유치원생
decode 유추원생
original 사당
decode 사당
original 지기지우
decode 지기지우
original 증대
decode 증대
original 모이
decode 모이
original 궁합
decode 궁합
original 막참
decode 막찰
original 막놓다
decode 망롷다
original 만판
decode 만탄
original 출세작
decode 출세작
original 잠수함
decode 잠수
original 밭뙈기
decode 박돼기
original 추서
decode 추서
original 재단하다
decode 재반하다
original 제작비
decode 제잡비
original 신적
decode 신적
original 득시글득시글하다
decode 그시글츱시글하다
original 만국
decode 만국
original 입금되다
decode 입금되다
original 엿집
decode 엿집
original 연자줏빛
decode 연자즛빛
original 괘씸죄
decode 괴심줄
original 화장장
decode 화장장
original 임산
decode 임산
original 쌀눈
decode 쌀눈
original 지정하다
decode 지정하다
original 세밀히
decode 세밀히
original 현저히
decode 현저히
original 공률
decode 공률
original 몰풍하다
decode 물퉁하다
original 양력설
decode 양격설
original 강점하다
decode 강점하다
original 검도복
decode 검도복
original 유연성
decode 유연성
original 교우하다
decode 교무하다
original 대왕
decode 대왕
original 그러면
decode 그러면
original 담차다
decode 담차다
original 달망거리다
decode 달망거리다
original 직관력
decode 직관역
original 동양화
decode 도량화
original 연갑
decode 연값
original 받다
decode 밥다
original 동북
decode 동북
original 십이월
decode 시이월
original 지구적
decode 지우적
original 용담
decode 욤담
original 난민
decode 난민
original 펄떡
decode 펄떡
original 안절부절못하다
decode 안자우전하다
original 장탄
decode 장탄
original 창병
decode 창병
original 전인구
decode 전인구
original 경쟁률
decode 경쟁률
original 후춧가루
decode 푸칫가루
original 개막
decode 기막
original 기다
decode 기다
original 굴절
decode 굴절
original 연면히
decode 연면히
original 깻묵
decode 깨묵
original 들여가다
decode 들여하다
original 개복하다
decode 개복하다
original 명품
decode 명쿰
original 아랫마을
decode 아랫마을
original 저락
decode 저압
original 과량
decode 과향
original 첨가하다
decode 첨가하다
original 바른말
decode 바릇말
original 영업인
decode 영업빈
original 제반미
decode 제반미
original 딸기코
decode 딸긱커
original 학
decode 학
original 제유하다
decode 제유하다
original 망월
decode 망월
original 생물적
decode 샐물적
original 비몽사몽간
decode 비몽상간간
original 담쌓다
decode 담싸다
original 검식하다
decode 검식하다
original 발발대다
decode 발발대다
original 찌들다
decode 찌들다
original 앞짧은소리
decode 앞잘분소리
original 거무칙칙하다
decode 거무칙칙하다
original 참말로
decode 참만로
original 턱걸이하다
decode 터거리하다
original 자반고등어
decode 자반부등어
original 애독자
decode 애독자
original 잠수공
decode 잠수공
original 들먹들먹
decode 들먹들럭
original 지각하다
decode 지각하다
original 들여다뵈다
decode 두어다되다
original 이국취미
decode 이국츠비
original 빠개다
decode 빠기다
original 받침목
decode 바침목
original 농토
decode 농토
original 앙큼스럽다
decode 앙큼스럽다
original 시악
decode 시악
original 서단
decode 서단
original 태도
decode 태도
original 여좌하다
decode 여좌하다
original 님
decode 밈
original 인사과
decode 이삭과
original 적발하다
decode 적발하다
original 급정거하다
decode 급정거하다
original 야단스럽다
decode 야단스럽다
original 기갈
decode 기갈
original 치부
decode 치부
original 정약
decode 정약
original 모시하다
decode 모시하다
original 매골하다
decode 매골하다
original 떠들썩대다
decode 어드썩대다
original 무궁무진히
decode 무궁무징히
original 규정짓다
decode 규정짓다
original 바닷바람
decode 밥덧바람
original 섬나라
decode 섬나
original 쟁점
decode 쟁점
original 쩔뚝대다
decode 쩗뚝대다
original 젖동냥
decode 젖복양
original 지참하다
decode 지참하다
original 조정하다
decode 조정하다
original 절꺽하다
decode 절꺽하다
original 환생하다
decode 환생하다
original 끈덕지다
decode 끈덕지다
original 억탁하다
decode 억탁하다
original 철군
decode 철군
original 직설적
decode 직설적
original 지론
decode 질온
original 작년도
decode 장년도
original 누풍
decode 누풍
original 자신감
decode 자신감
original 돌상
decode 돌상
original 단벌가다
decode 단벌가다
original 쫑긋쫑긋
decode 쫑긋쫑긋
original 급진전
decode 급짐전
original 양식
decode 양식
original 자연관
decode 자연관
original 쌜기죽
decode 쌜기죽
original 지가
decode 직가
original 상용
decode 상용
original 보푸라기
decode 보푸라기
original 토막
decode 투맛
original 삼키다
decode 참히다
original 그것참
decode 그거참
original 제철공
decode 제쳘공
original 예방책
decode 예방책
original 변명하다
decode 변명하다
original 널브러지다
decode 널부러지다
original 사업가
decode 사업가
original 조각가
decode 조각가
original 천공
decode 천공
original 부진하다
decode 부진하다
original 마른바람
decode 마른다람
original 동정적
decode 동정적
original 철렁히
decode 철렁히
original 인계하다
decode 인계하다
original 비감히
decode 비감히
original 말대답
decode 말대답
original 변통
decode 변통
original 개분하다
decode 개근하다
original 당연히
decode 당연히
original 지아비
decode 지아리
original 귀소
decode 귀소
original 덮이다
decode 덥히다
original 충성하다
decode 충상하다
original 천부하다
decode 천구하다
original 판사
decode 팔사
original 완전무결하다
decode 와적무열하다
original 원어민
decode 워어민
original 귀신같이
decode 규신감치
original 멀뚱하다
decode 멀뚱하다
original 별시
decode 별시
original 활약하다
decode 화략하다
original 우라질
decode 울아질
original 장차관
decode 장차관
original 담갈색
decode 담갈색
original 항해하다
decode 항애하다
original 정필
decode 정필
original 적격성
decode 적격성
original 더벅머리
decode 더벙어리
original 하수도
decode 하수도
original 탁봉
decode 탁봉
original 폭발물
decode 폭밧물
original 심허하다
decode 심어하다
original 격동
decode 격동
original 마술
decode 마술
original 내앉다
decode 내안다
original 용
decode 용
original 흥성
decode 흥성
original 심각
decode 심갑
original 거액
decode 그액
original 부정되다
decode 부정되다
original 구걸
decode 구걸
original 전죄
decode 전죄
original 발산하다
decode 발산하다
original 달서
decode 달서
original 코침
decode 거침
original 선전문
decode 천전문
original 할증료
decode 할증령
original 낙화유수
decode 낙화유수
original 공원화
decode 공원화
original 즈음하다
decode 증음하다
original 복역수
decode 복역수
original 탈방대다
decode 탈방대다
original 와글와글하다
decode 어들어들하다
original 안정적
decode 안정적
original 포옹하다
decode 퐁하다
original 동네볼기
decode 동내볼기
original 재채기하다
decode 재채기하다
original 현숙하다
decode 현숙하다
original 응전하다
decode 응장하다
original 고두밥
decode 고도밥
original 인위적
decode 인미적
original 수금인
decode 수금인
original 중닭
decode 중닭
original 정녕히
decode 정령히
original 심애하다
decode 시회하다
original 장롱
decode 장롱
original 매문
decode 매문
original 자리보전하다
decode 자리보전하다
original 이주
decode 이주
original 시방
decode 시방
original 저층
decode 저층
original 애매하다
decode 배매하다
original 대받다
decode 대밖다
original 악필
decode 악푈
original 어귀
decode 어귀
original 직설
decode 직설
original 소산하다
decode 소산하다
original 난하다
decode 낭하다
original 결산하다
decode 결산하다
original 금박이
decode 금바기
original 부석부석
decode 부석부석
original 요쪽
decode 요쪽
original 해치우다
decode 해치우다
original 마소수레
decode 마소수에
original 모함
decode 모한
original 공란
decode 공난
original 안반
decode 안반
original 우중충
decode 우증숭
original 절필
decode 절필
original 제억하다
decode 제억하다
original 비핵화
decode 비해화
original 무색무취하다
decode 무색무추하다
original 우거지상
decode 우거지상
original 저상
decode 저상
original 솟고라지다
decode 소고래지다
original 놀림거리
decode 놀임거리
original 교체되다
decode 교체되다
original 방금
decode 방금
original 당첨되다
decode 당첨되다
original 자학적
decode 자학적
original 벌하다
decode 벌하다
original 골칫덩이
decode 골칠당이
original 초토하다
decode 초토하다
original 집게손가락
decode 지개종가락
original 운동
decode 운동
original 잠투정
decode 잠투정
original 파랑
decode 파랑
original 엄구
decode 엄구
original 급신장하다
decode 급신정하다
original 방어하다
decode 밤어하다
original 관리하다
decode 관리하다
original 사분기
decode 사분기
original 법정
decode 법정
original 근심스레
decode 근심스레
original 훈계하다
decode 훈계하다
original 부단히
decode 부담히
original 왜곡하다
decode 왜곡하다
original 내부
decode 내보
original 격멸
decode 경멸
original 개굴개굴하다
decode 개굴대굴하다
original 낙향
decode 낙쳥
original 방대하다
decode 방대하다
original 생억지
decode 새없지
original 쌜긋
decode 쌜긋
original 열배하다
decode 열배하다
original 반전되다
decode 반전되다
original 피투성이
decode 핏투성이
original 수갑
decode 수갑
original 파장
decode 파장
original 자각
decode 자박
original 파직하다
decode 바직하다
original 시대병
decode 시대병
original 싱싱하다
decode 싱싱하다
original 껴입히다
decode 껴입히다
original 참고삼다
decode 참고삼다
original 사랑싸움
decode 사랑싸움
original 악업
decode 악업
original 절거덕대다
decode 절거덕대다
original 초가삼간
decode 초가상간
original 구심
decode 구심
original 원서
decode 원서
original 적격
decode 적격
original 애련히
decode 애련히
original 살생하다
decode 살생하다
original 통역원
decode 통여원
original 쌍붙임
decode 쌍부침
original 달가당달가당
decode 달가당탈가당
original 층
decode 츰
original 쌍꺼풀지다
decode 싸꺼풀지다
original 두근두근하다
decode 두군두근하다
original 공생하다
decode 공생하다
original 말씨름하다
decode 말씨름하다
original 야반도주하다
decode 야반도주하다
original 비상경계망
decode 비상졍개망
original 보급소
decode 보둑소
original 태평스럽다
decode 태평스럽다
original 금자탑
decode 금자탁
original 마곗말
decode 마깃말
original 석상
decode 석상
original 메주콩
decode 메주콩
original 알량스럽다
decode 알량스럽다
original 큰아이
decode 칸아리
original 수필
decode 수필
original 정갈히
decode 정갈이
original 탐정
decode 탐정
original 제지
decode 제지
original 예선
decode 예선
original 명절
decode 명절
original 날름대다
decode 날름대다
original 빠끔빠끔히
decode 빠끔빠끔히
original 연구심
decode 연구심
original 뀌다
decode 뀌다
original 황후
decode 황후
original 매필하다
decode 매필하다
original 요소요소
decode 요소요소
original 매두피
decode 매둡히
original 앞가르마
decode 앞가르마
original 절대다수
decode 절대하수
original 애격하다
decode 애격하다
original 삑삑거리다
decode 삑끽거리다
original 치부책
decode 치부책
original 종횡
decode 종회
original 심하다
decode 심하다
original 귀추
decode 귀추
original 종합되다
decode 종합되다
original 방과
decode 방과
original 특차
decode 특차
original 반복되다
decode 반복되다
original 무개차
decode 무개차
original 근간
decode 근간
original 헛되이
decode 헛회이
original 시역
decode 시역
original 일조하다
decode 일조하다
original 쫄밋거리다
decode 절밋써리다
original 참사하다
decode 참사하다
original 토끼잠
decode 토기잠
original 승소하다
decode 승송하다
original 소견
decode 소견
original 형식
decode 형시
original 타매
decode 타매
original 장문하다
decode 장문하다
original 기색
decode 기색
original 권고사직
decode 관고사직
original 오르막길
decode 오루막길
original 꼽다
decode 옵다
original 아귀차다
decode 아기차다
original 하리
decode 하리
original 발현되다
decode 발현되다
original 씨르륵거리다
decode 씨르륵거리다
original 따따부따
decode 따따붙다
original 보조역
decode 보주역
original 대답질
decode 대답지
original 복구되다
decode 복구되다
original 재제
decode 재재
original 식목
decode 식목
original 병약하다
decode 병약하다
original 의안
decode 의이안
original 만복하다
decode 만복하다
original 철필
decode 철필
original 안반
decode 안반
original 택용
decode 태용
original 물때
decode 물때
original 순장
decode 순장
original 꿀밤
decode 꼬다담
original 단숙히
decode 단숙히
original 조각배
decode 조각대
original 가감되다
decode 가감되다
original 폭발성
decode 폭발성
original 진절머리
decode 징절머리
original 곤지곤지하다
decode 곤짐곰지하다
original 학생증
decode 학생증
original 취조실
decode 취조실
original 황금
decode 황금
original 비약
decode 비약
original 통제품
decode 통제품
original 방출
decode 방출
original 안빈낙도하다
decode 안빈낙도하다
original 통지되다
decode 통지되다
original 통치권자
decode 통치권자
original 동일
decode 동일
original 서고
decode 서구
original 내려치다
decode 내려치다
original 생굴
decode 생굴
original 선걸음
decode 성거름
original 포박하다
decode 토박하다
original 영외
decode 영회
original 숙질
decode 쑥질
original 발음되다
decode 발은되다
original 함께
decode 함개
original 이런대로
decode 이런대로
original 솥
decode 척
original 공론화하다
decode 공는화하다
original 격하
decode 격하
original 함자
decode 함자
original 찐만두
decode 직만두
original 호화찬란하다
decode 호과철란하다
original 편향
decode 편향
original 나전
decode 나전
original 높직높직하다
decode 높직눅직하다
original 대환영
decode 대환영
original 누사
decode 누사
original 서늘히
decode 선흘히
original 환대
decode 환대
original 망
decode 망
original 가고
decode 가구
original 푸석하다
decode 푸석하다
original 제원
decode 제원
original 썰리다
decode 썰리다
original 침착성
decode 즘착성
original 안시하다
decode 안시하다
original 질퍼덕하다
decode 질퍼덕하다
original 삿대질하다
decode 삿대질하다
original 캭캭대다
decode 캑캭대다
original 부러트리다
decode 불어튀리다
original 장하다
decode 장하다
original 자자하다
decode 차자하당
original 역량
decode 영량
original 의지력
decode 의지격
original 격퇴
decode 격퇴
original 방종하다
decode 방종하다
original 암통
decode 암통
original 마혁과시
decode 망혁과이
original 선친
decode 선친
original 염해
decode 염해
original 퇴전
decode 퇴전
original 제청
decode 제청
original 주근주근
decode 주군주곤
original 대지진
decode 대지진
original 요순시대
decode 요슴시대
original 숙려
decode 숙녀
original 가끔가다가
decode 가끙다랄다
original 알토란
decode 알조란
original 탐관
decode 탐관
original 안달복달하다
decode 안달복달하다
original 만만히
decode 만난이
original 야박하다
decode 야박하다
original 암학
decode 암학
original 재통합
decode 재통합
original 비오
decode 비오
original 교
decode 교
original 전령
decode 전령
original 분필통
decode 분풀통
original 쾌속도
decode 괘속두
original 사용
decode 사용
original 할딱거리다
decode 할딱거리다
original 고조할아버지
decode 고조하바지
original 참배자
decode 찬배자
original 조각조각
decode 조각조각
original 기시
decode 기시
original 야옹거리다
decode 양올거리다
original 단산되다
decode 단산되다
original 긁적긁적하다
decode 급적극적하다
original 잡담하다
decode 잡당하다
original 전화
decode 전화
original 둘러싸다
decode 불럭싸다
original 찰강
decode 찰강
original 타주
decode 타주
original 계정
decode 계정
original 서행하다
decode 서행하다
original 부유하다
decode 부유하다
original 식상하다
decode 식상하다
original 경관
decode 경관
original 후진국
decode 후진국
original 작심삼일
decode 삭심상일
original 노설하다
decode 노설하다
original 덜껑대다
decode 덜껑대다
original 다뿍
decode 답북
original 전승
decode 전승
original 찾아가다
decode 찾어개다
original 살빛
decode 살빗
original 순리
decode 술리
original 촌평
decode 촌형
original 가산점
decode 가산점
original 반파
decode 반파
original 시용
decode 시용
original 위축되다
decode 위측되다
original 술고래
decode 술고래
original 막심
decode 막심
original 탄석
decode 탄석
original 이완성
decode 유완성
original 전실
decode 전실
original 남북통일
decode 남부통일
original 서리다
decode 서이다
original 똥통
decode 똥통
original 선진화하다
decode 선징화하다
original 탄각
decode 탄각
original 수치스레
decode 스치스레
original 눈꺼풀
decode 눈거풀
original 쇠락하다
decode 쇠락하다
original 정량하다
decode 정량하다
original 데려가다
decode 데려하다
original 서향하다
decode 서향하다
original 관조적
decode 관조적
original 대접하다
decode 대접하다
original 이
decode 이
original 맡기다
decode 맞기다
original 납덩이
decode 납덩이
original 희소
decode 히소
original 농작
decode 농작
original 타각
decode 타각
original 파생하다
decode 파생하다
original 무죄히
decode 무주히
original 만장
decode 만장
original 탐승하다
decode 탐승하다
original 선취
decode 선취
original 환도
decode 환도
original 시원히
decode 시훤히
original 다홍
decode 다오
original 감염되다
decode 감몀되다
original 삐죽빼죽
decode 삐죽배쭉
original 능갈지다
decode 능갈지다
original 흥건히
decode 흔건히
original 굽이굽이
decode 구비구비
original 색동두루마기
decode 색동두우이
original 생월
decode 생월
original 저급
decode 저급
original 혀끝
decode 혁읏
original 도수
decode 도수
original 결심하다
decode 결심하다
original 설핏
decode 설비
original 의식화하다
decode 의식화하다
original 가계부
decode 가계부
original 점액
decode 점액
original 여염집
decode 여염집
original 농바리
decode 농바리
original 암만암만
decode 암만암만
original 손뜨개질
decode 손드개질
original 차도
decode 차도
original 장신
decode 장신
original 발전
decode 발잔
original 두런두런하다
decode 두런두런하다
original 준엄하다
decode 주엉하다
original 귀결점
decode 귀결점
original 축생
decode 축생
original 연만
decode 연만
original 귀임하다
decode 기임하다
original 필시
decode 필시
original 투합되다
decode 투압되다
original 몸결
decode 몸결
original 볼록하다
decode 볼록하다
original 아물아물
decode 아물아물
original 떨꺼덕
decode 떨꺼덕
original 특공
decode 특공
original 수십만
decode 수신만
original 절수
decode 절수
original 초복
decode 초복
original 가랑비
decode 가랑비
original 정체기
decode 정채기
original 연의
decode 연의
original 붕붕하다
decode 붕붕하다
original 수술실
decode 수슬실
original 북돋우다
decode 북도되다
original 꾸기다
decode 꾸기다
original 급진전되다
decode 급진전되다
original 되돌아가다
decode 대도락하다
original 분갈이하다
decode 분가리하다
original 단거리
decode 단거리
original 수런수런
decode 수런선
original 피로하다
decode 피로하다
original 구성하다
decode 구성하다
original 번역어
decode 번역거
original 대강령
decode 대강령
original 우등상장
decode 우등성장
original 전몰
decode 전몰
original 삭감하다
decode 색감하다
original 미수하다
decode 미수하다
original 낙반하다
decode 낙반하다
original 몰아세우다
decode 올아세우다
original 통치하다
decode 통치하다
original 민간인
decode 민간인
original 알력
decode 안력
original 상앗빛
decode 사앗빛
original 숭굴숭굴하다
decode 숭굴술굴하다
original 실실
decode 실실
original 애원성
decode 애원성
original 상하권
decode 상하원
original 역주
decode 역주
original 얼밋얼밋
decode 얼밋얼밋
original 부딪치다
decode 부디치다
original 시다
decode 시다
original 노랫소리
decode 노르소이
original 빤질빤질
decode 빤실빤질
original 대합실
decode 대합삽
original 체득
decode 치득
original 성덕
decode 성덕
original 다층집
decode 다침집
original 쪽지
decode 쪽디
original 은장도
decode 은장도
original 명문세족
decode 명문세족
original 막가내하
decode 막가내하
original 배반자
decode 배반자
original 공공질서
decode 공공질서
original 내시하다
decode 내시하다
original 음모자
decode 응모자
original 비탄
decode 비판
original 기형화되다
decode 기형화되다
original 비과세하다
decode 비과세하다
original 산해진미
decode 사내짐미
original 앞맵시
decode 암맷시
original 살인마
decode 사인마
original 선정
decode 전정
original 삼등칸
decode 삼등칸
original 생활난
decode 생활란
original 말허리
decode 말허리
original 시세
decode 시세
original 심실
decode 심실
original 그전
decode 그전
original 다갈색
decode 바갈색
original 야생초
decode 야생초
original 수수팥떡
decode 수슥파덩
original 굉장히
decode 등장히
original 쩡쩡하다
decode 껑쩡하다
original 살며시
decode 살얏시
original 상스레
decode 상스레
original 노폐물
decode 노폐물
original 점괴
decode 점괴
original 개산하다
decode 개산하다
original 형편
decode 형편
original 대렴
decode 대렴
original 적락하다
decode 정낙하다
original 매은하다
decode 매은하다
original 빽빽거리다
decode 빽빡거리다
original 대방가
decode 대방가
original 달돈
decode 달돈
original 은근
decode 은근
original 애완히
decode 애완히
original 인접
decode 인접
original 돈푼
decode 돈푼
original 무권리하다
decode 무궐리하다
original 반론하다
decode 반론하다
original 여리다
decode 여리다
original 대꾸하다
decode 대구하다
original 퇴청하다
decode 퇴청하다
original 꽥꽥거리다
decode 꽤꽬꺼리다
original 무정
decode 무정
original 사초하다
decode 사초하다
original 사르륵사르륵
decode 사그극살르륵
original 퇴창
decode 퇴창
original 시급하다
decode 시급하다
original 등판
decode 쯤판
original 언뜻
decode 언뜻
original 멸시하다
decode 멸시하다
original 돈궤
decode 돈그
original 평지풍파
decode 평지품하
original 해부
decode 해부
original 전무후무하다
decode 전모후무하다
original 허명
decode 허명
original 유력
decode 유력
original 자학자습
decode 자악자슥
original 어물대다
decode 어물대다
original 애국자
decode 애국자
original 잡일하다
decode 잠릴하다
original 무료입장
decode 무요입장
original 지휘
decode 지귀
original 위령제
decode 위령제
original 타피
decode 타피
original 대서
decode 대서
original 특강하다
decode 특강하다
original 울려오다
decode 울려오다
original 만족
decode 만족
original 권선
decode 권선
original 초적
decode 초적
original 거룩히
decode 거륵히
original 쩝쩝거리다
decode 쩝쩝거리다
original 세모나다
decode 세몬하다
original 꿀꿀거리다
decode 꿀꿀거리다
original 쾌주선
decode 쾌주선
original 이전되다
decode 이전되다
original 불법하다
decode 불법하다
original 마되질하다
decode 마들질하다
original 독립적
decode 동립적
original 휘덮다
decode 휘덥다
original 소독내
decode 소득내
original 불우하다
decode 부루하다
original 호리병
decode 호리병
original 오점
decode 우점
original 높직이
decode 녹지기
original 부류하다
decode 불류하다
original 다랭이
decode 다내이
original 중상자
decode 중상자
original 통반장
decode 통반자
original 감가하다
decode 강가하다
original 상행선
decode 상행선
original 눈대중
decode 눈대중
original 매련쟁이
decode 매련쟁이
original 놀라움
decode 놀라움
original 임지
decode 인지
original 건강성
decode 건강성
original 적립되다
decode 정입되다
original 벼르다
decode 버르다
original 더듬이
decode 더듬이
original 전령관
decode 전령관
original 약진상
decode 약짐상
original 무겁다
decode 무업다
original 자유방임하다
decode 자유방임하다
original 수송력
decode 수송력
original 잘그락잘그락
decode 잘그락잘그락
original 미식하다
decode 미식하다
original 꿈틀거리다
decode 꿈탤거리다
original 앞여밈
decode 암념임
original 투광
decode 투광
original 학맥
decode 학맥
original 만평하다
decode 만평하다
original 자애
decode 자애
original 승급하다
decode 승급하다
original 지식
decode 지시
original 살갑다
decode 사갑다
original 천치
decode 천치
original 가느스름하다
decode 가는스른하다
original 발효되다
decode 발휴되다
original 실낱같이
decode 실압같치
original 항진되다
decode 항진되다
original 겸연쩍다
decode 겸연쩍다
original 말동무
decode 말동무
original 들다
decode 들다
original 이여
decode 이어
original 탈문
decode 탈문
original 내강외유
decode 내강외유
original 심각성
decode 심각성
original 닭기름
decode 닫기름
original 애간
decode 애간
original 염도
decode 염도
original 전자오락
decode 전저오락
original 송화
decode 송화
original 잘강잘강
decode 잘강잘강
original 알림판
decode 알림판
original 조심조심
decode 조심조심
original 탐탐하다
decode 탐탐하다
original 발대식
decode 발대식
original 나루
decode 나루
original 폭행하다
decode 폭행하다
original 담성
decode 담성
original 잔무늬
decode 잔무이
original 애호
decode 애호
original 뜯어고치다
decode 뜨어우치다
original 맏형
decode 맞청
original 선망
decode 선망
original 안사하다
decode 안사하다
original 당호
decode 당호
original 자연조건
decode 자연초건
original 곡령
decode 공령
original 항의단
decode 항위단
original 감봉하다
decode 감봉하다
original 감교하다
decode 감교하다
original 해악
decode 해악
original 기뻐하다
decode 깁바하다
original 은종이
decode 은정이
original 선도
decode 선도
original 맏동서
decode 맞둥서
original 진경
decode 진경
original 그같이
decode 극앝치
original 가칭하다
decode 가친하다
original 가로다
decode 가로당
original 위세
decode 위새
original 최대
decode 쵤대
original 초식장
decode 초식장
original 아옹다옹하다
decode 아옹다웁하다
#### FINISH compare2.sh AT Tue Jun 26 13:39:29 KST 2018 #####
